[00:12:07] [ServerMain/INFO]: Environment: Environment[accountsHost=https://api.mojang.com, sessionHost=https://sessionserver.mojang.com, servicesHost=https://api.minecraftservices.com, name=PROD]
[00:12:09] [ServerMain/INFO]: Loaded 7 recipes
[00:12:09] [ServerMain/INFO]: Loaded 1271 advancements
[00:12:11] [Server thread/INFO]: Starting minecraft server version 1.20.2
[00:12:11] [Server thread/INFO]: Loading properties
[00:12:11] [Server thread/INFO]: Default game type: SURVIVAL
[00:12:11] [Server thread/INFO]: Generating keypair
[00:12:11] [Server console handler/ERROR]: Exception handling console input
java.io.IOException: The handle is invalid
	at java.io.FileInputStream.readBytes(Native Method) ~[?:?]
	at java.io.FileInputStream.read(FileInputStream.java:276) ~[?:?]
	at java.io.BufferedInputStream.read1(BufferedInputStream.java:282) ~[?:?]
	at java.io.BufferedInputStream.read(BufferedInputStream.java:343) ~[?:?]
	at sun.nio.cs.StreamDecoder.readBytes(StreamDecoder.java:270) ~[?:?]
	at sun.nio.cs.StreamDecoder.implRead(StreamDecoder.java:313) ~[?:?]
	at sun.nio.cs.StreamDecoder.read(StreamDecoder.java:188) ~[?:?]
	at java.io.InputStreamReader.read(InputStreamReader.java:177) ~[?:?]
	at java.io.BufferedReader.fill(BufferedReader.java:162) ~[?:?]
	at java.io.BufferedReader.readLine(BufferedReader.java:329) ~[?:?]
	at java.io.BufferedReader.readLine(BufferedReader.java:396) ~[?:?]
	at ajn$1.run(SourceFile:89) ~[server-1.20.2.jar:?]
[00:12:11] [Server thread/INFO]: Starting Minecraft server on *:25565
[00:12:11] [Server thread/INFO]: Using default channel type
[00:12:11] [Server thread/INFO]: Preparing level "world"
[00:12:12] [Server thread/INFO]: Preparing start region for dimension minecraft:overworld
[00:12:14] [Worker-Main-13/INFO]: Preparing spawn area: 0%
[00:12:14] [Worker-Main-10/INFO]: Preparing spawn area: 0%
[00:12:14] [Worker-Main-11/INFO]: Preparing spawn area: 0%
[00:12:14] [Worker-Main-15/INFO]: Preparing spawn area: 0%
[00:12:14] [Worker-Main-2/INFO]: Preparing spawn area: 0%
[00:12:14] [Worker-Main-8/INFO]: Preparing spawn area: 0%
[00:12:15] [Worker-Main-8/INFO]: Preparing spawn area: 3%
[00:12:15] [Worker-Main-8/INFO]: Preparing spawn area: 82%
[00:12:16] [Server thread/INFO]: Time elapsed: 3597 ms
[00:12:16] [Server thread/INFO]: Done (4.572s)! For help, type "help"
[00:14:47] [User Authenticator #1/INFO]: UUID of player Joshssiegel is 5222e41c-4f17-4f7e-bf0f-695173f57962
[00:14:48] [Server thread/INFO]: Joshssiegel[/127.0.0.1:65361] logged in with entity id 28 at (215.2183608815238, 105.0, 663.6440620315526)
[00:14:48] [Server thread/INFO]: Joshssiegel joined the game
[01:20:45] [Server thread/INFO]: Joshssiegel lost connection: Disconnected
[01:20:45] [Server thread/INFO]: Joshssiegel left the game
[01:21:41] [Server thread/INFO]: Stopping server
[01:21:41] [Server thread/INFO]: Saving players
[01:21:41] [Server thread/INFO]: Saving worlds
[01:21:41] [Server thread/INFO]: Saving chunks for level 'ServerLevel[world]'/minecraft:overworld
[01:21:41] [Server thread/INFO]: Saving chunks for level 'ServerLevel[world]'/minecraft:the_end
[01:21:41] [Server thread/INFO]: Saving chunks for level 'ServerLevel[world]'/minecraft:the_nether
[01:21:41] [Server thread/INFO]: ThreadedAnvilChunkStorage (world): All chunks are saved
[01:21:41] [Server thread/INFO]: ThreadedAnvilChunkStorage (DIM1): All chunks are saved
[01:21:41] [Server thread/INFO]: ThreadedAnvilChunkStorage (DIM-1): All chunks are saved
[01:21:41] [Server thread/INFO]: ThreadedAnvilChunkStorage: All dimensions are saved
